<?xml version="1.0" encoding="UTF-8"?>
<!-- Generated by org.testng.reporters.JUnitXMLReporter -->
<testsuite ignored="2" hostname="Sapserver1" failures="0" tests="1" name="OpenCart Tests" time="16.687" errors="0" timestamp="2021-03-25T09:20:55 IST">
  <testcase classname="testCases.TC_002_Login" name="test_Login" time="8.813"/>
  <testcase classname="testCases.TC_001_AccountRegistration" name="test_accout_Registration" time="0.0">
    <ignored/>
  </testcase> <!-- test_accout_Registration -->
  <testcase classname="testCases.TC_003_LoginDDT" name="test_LoginDDT" time="0.0">
    <ignored/>
  </testcase> <!-- test_LoginDDT -->
</testsuite> <!-- OpenCart Tests -->
