<?xml version="1.0" encoding="UTF-8"?>
<testng-results ignored="2" total="7" passed="5" failed="0" skipped="0">
  <reporter-output>
  </reporter-output>
  <suite started-at="2021-03-25T09:20:38 IST" name="OpenCart Test Suite" finished-at="2021-03-25T09:20:55 IST" duration-ms="16687">
    <groups>
      <group name="sanity">
        <method signature="TC_002_Login.test_Login()[pri:0, instance:testCases.TC_002_Login@7e0b85f9]" name="test_Login" class="testCases.TC_002_Login"/>
      </group> <!-- sanity -->
      <group name="master">
        <method signature="TC_002_Login.test_Login()[pri:0, instance:testCases.TC_002_Login@7e0b85f9]" name="test_Login" class="testCases.TC_002_Login"/>
      </group> <!-- master -->
    </groups>
    <test started-at="2021-03-25T09:20:38 IST" name="OpenCart Tests" finished-at="2021-03-25T09:20:55 IST" duration-ms="16687">
      <class name="testCases.TC_002_Login">
        <test-method is-config="true" signature="setup(java.lang.String)[pri:0, instance:testCases.TC_002_Login@7e0b85f9]" started-at="2021-03-25T09:20:39 IST" name="setup" finished-at="2021-03-25T09:20:46 IST" duration-ms="6405" status="PASS">
          <params>
            <param index="0">
              <value>
                <![CDATA[chrome]]>
              </value>
            </param>
          </params>
          <reporter-output>
          </reporter-output>
        </test-method> <!-- setup -->
        <test-method signature="test_Login()[pri:0, instance:testCases.TC_002_Login@7e0b85f9]" started-at="2021-03-25T09:20:46 IST" name="test_Login" finished-at="2021-03-25T09:20:54 IST" duration-ms="8813" status="PASS">
          <reporter-output>
          </reporter-output>
        </test-method> <!-- test_Login -->
        <test-method is-config="true" signature="tearDown()[pri:0, instance:testCases.TC_002_Login@7e0b85f9]" started-at="2021-03-25T09:20:54 IST" name="tearDown" finished-at="2021-03-25T09:20:55 IST" duration-ms="781" status="PASS">
          <reporter-output>
          </reporter-output>
        </test-method> <!-- tearDown -->
      </class> <!-- testCases.TC_002_Login -->
    </test> <!-- OpenCart Tests -->
  </suite> <!-- OpenCart Test Suite -->
  <suite started-at="2021-03-25T09:21:09 IST" name="OpenCart Test Suite (1)" finished-at="2021-03-25T09:21:51 IST" duration-ms="42217">
    <groups>
      <group name="regression">
        <method signature="TC_001_AccountRegistration.test_accout_Registration()[pri:0, instance:testCases.TC_001_AccountRegistration@2ef3eef9]" name="test_accout_Registration" class="testCases.TC_001_AccountRegistration"/>
        <method signature="TC_001_AccountRegistration.test_accout_Registration()[pri:0, instance:testCases.TC_001_AccountRegistration@188715b5]" name="test_accout_Registration" class="testCases.TC_001_AccountRegistration"/>
        <method signature="TC_001_AccountRegistration.test_accout_Registration()[pri:0, instance:testCases.TC_001_AccountRegistration@3835c46]" name="test_accout_Registration" class="testCases.TC_001_AccountRegistration"/>
      </group> <!-- regression -->
      <group name="master">
        <method signature="TC_001_AccountRegistration.test_accout_Registration()[pri:0, instance:testCases.TC_001_AccountRegistration@2ef3eef9]" name="test_accout_Registration" class="testCases.TC_001_AccountRegistration"/>
        <method signature="TC_001_AccountRegistration.test_accout_Registration()[pri:0, instance:testCases.TC_001_AccountRegistration@188715b5]" name="test_accout_Registration" class="testCases.TC_001_AccountRegistration"/>
        <method signature="TC_001_AccountRegistration.test_accout_Registration()[pri:0, instance:testCases.TC_001_AccountRegistration@3835c46]" name="test_accout_Registration" class="testCases.TC_001_AccountRegistration"/>
      </group> <!-- master -->
    </groups>
    <test started-at="2021-03-25T09:21:09 IST" name="ChromeTests" finished-at="2021-03-25T09:21:22 IST" duration-ms="13190">
      <class name="testCases.TC_001_AccountRegistration">
        <test-method is-config="true" signature="setup(java.lang.String)[pri:0, instance:testCases.TC_001_AccountRegistration@2ef3eef9]" started-at="2021-03-25T09:21:09 IST" name="setup" finished-at="2021-03-25T09:21:11 IST" duration-ms="1838" status="PASS">
          <params>
            <param index="0">
              <value>
                <![CDATA[chrome]]>
              </value>
            </param>
          </params>
          <reporter-output>
          </reporter-output>
        </test-method> <!-- setup -->
        <test-method signature="test_accout_Registration()[pri:0, instance:testCases.TC_001_AccountRegistration@2ef3eef9]" started-at="2021-03-25T09:21:11 IST" name="test_accout_Registration" finished-at="2021-03-25T09:21:21 IST" duration-ms="10394" status="PASS">
          <reporter-output>
          </reporter-output>
        </test-method> <!-- test_accout_Registration -->
        <test-method is-config="true" signature="tearDown()[pri:0, instance:testCases.TC_001_AccountRegistration@2ef3eef9]" started-at="2021-03-25T09:21:21 IST" name="tearDown" finished-at="2021-03-25T09:21:22 IST" duration-ms="954" status="PASS">
          <reporter-output>
          </reporter-output>
        </test-method> <!-- tearDown -->
      </class> <!-- testCases.TC_001_AccountRegistration -->
    </test> <!-- ChromeTests -->
    <test started-at="2021-03-25T09:21:09 IST" name="EdgeTests" finished-at="2021-03-25T09:21:40 IST" duration-ms="31378">
      <class name="testCases.TC_001_AccountRegistration">
        <test-method is-config="true" signature="setup(java.lang.String)[pri:0, instance:testCases.TC_001_AccountRegistration@188715b5]" started-at="2021-03-25T09:21:09 IST" name="setup" finished-at="2021-03-25T09:21:23 IST" duration-ms="14426" status="PASS">
          <params>
            <param index="0">
              <value>
                <![CDATA[firefox]]>
              </value>
            </param>
          </params>
          <reporter-output>
          </reporter-output>
        </test-method> <!-- setup -->
        <test-method signature="test_accout_Registration()[pri:0, instance:testCases.TC_001_AccountRegistration@188715b5]" started-at="2021-03-25T09:21:23 IST" name="test_accout_Registration" finished-at="2021-03-25T09:21:32 IST" duration-ms="8513" status="PASS">
          <reporter-output>
          </reporter-output>
        </test-method> <!-- test_accout_Registration -->
        <test-method is-config="true" signature="tearDown()[pri:0, instance:testCases.TC_001_AccountRegistration@188715b5]" started-at="2021-03-25T09:21:32 IST" name="tearDown" finished-at="2021-03-25T09:21:40 IST" duration-ms="8430" status="PASS">
          <reporter-output>
          </reporter-output>
        </test-method> <!-- tearDown -->
      </class> <!-- testCases.TC_001_AccountRegistration -->
    </test> <!-- EdgeTests -->
    <test started-at="2021-03-25T09:21:22 IST" name="FirefoxTests" finished-at="2021-03-25T09:21:51 IST" duration-ms="28622">
      <class name="testCases.TC_001_AccountRegistration">
        <test-method is-config="true" signature="setup(java.lang.String)[pri:0, instance:testCases.TC_001_AccountRegistration@3835c46]" started-at="2021-03-25T09:21:22 IST" name="setup" finished-at="2021-03-25T09:21:39 IST" duration-ms="16372" status="PASS">
          <params>
            <param index="0">
              <value>
                <![CDATA[firefox]]>
              </value>
            </param>
          </params>
          <reporter-output>
          </reporter-output>
        </test-method> <!-- setup -->
        <test-method signature="test_accout_Registration()[pri:0, instance:testCases.TC_001_AccountRegistration@3835c46]" started-at="2021-03-25T09:21:39 IST" name="test_accout_Registration" finished-at="2021-03-25T09:21:48 IST" duration-ms="9130" status="PASS">
          <reporter-output>
          </reporter-output>
        </test-method> <!-- test_accout_Registration -->
        <test-method is-config="true" signature="tearDown()[pri:0, instance:testCases.TC_001_AccountRegistration@3835c46]" started-at="2021-03-25T09:21:48 IST" name="tearDown" finished-at="2021-03-25T09:21:51 IST" duration-ms="3099" status="PASS">
          <reporter-output>
          </reporter-output>
        </test-method> <!-- tearDown -->
      </class> <!-- testCases.TC_001_AccountRegistration -->
    </test> <!-- FirefoxTests -->
  </suite> <!-- OpenCart Test Suite (1) -->
  <suite started-at="2021-03-25T09:20:57 IST" name="OpenCart Test Suite (0)" finished-at="2021-03-25T09:21:08 IST" duration-ms="11735">
    <groups>
      <group name="sanity">
        <method signature="TC_002_Login.test_Login()[pri:0, instance:testCases.TC_002_Login@c33b74f]" name="test_Login" class="testCases.TC_002_Login"/>
      </group> <!-- sanity -->
      <group name="master">
        <method signature="TC_002_Login.test_Login()[pri:0, instance:testCases.TC_002_Login@c33b74f]" name="test_Login" class="testCases.TC_002_Login"/>
      </group> <!-- master -->
    </groups>
    <test started-at="2021-03-25T09:20:57 IST" name="OpenCart Tests" finished-at="2021-03-25T09:21:08 IST" duration-ms="11735">
      <class name="testCases.TC_002_Login">
        <test-method is-config="true" signature="setup(java.lang.String)[pri:0, instance:testCases.TC_002_Login@c33b74f]" started-at="2021-03-25T09:20:57 IST" name="setup" finished-at="2021-03-25T09:20:58 IST" duration-ms="1856" status="PASS">
          <params>
            <param index="0">
              <value>
                <![CDATA[chrome]]>
              </value>
            </param>
          </params>
          <reporter-output>
          </reporter-output>
        </test-method> <!-- setup -->
        <test-method signature="test_Login()[pri:0, instance:testCases.TC_002_Login@c33b74f]" started-at="2021-03-25T09:20:58 IST" name="test_Login" finished-at="2021-03-25T09:21:08 IST" duration-ms="9145" status="PASS">
          <reporter-output>
          </reporter-output>
        </test-method> <!-- test_Login -->
        <test-method is-config="true" signature="tearDown()[pri:0, instance:testCases.TC_002_Login@c33b74f]" started-at="2021-03-25T09:21:08 IST" name="tearDown" finished-at="2021-03-25T09:21:08 IST" duration-ms="727" status="PASS">
          <reporter-output>
          </reporter-output>
        </test-method> <!-- tearDown -->
      </class> <!-- testCases.TC_002_Login -->
    </test> <!-- OpenCart Tests -->
  </suite> <!-- OpenCart Test Suite (0) -->
</testng-results>
